<?xml version="1.0" encoding="UTF-8"?>
<!-- Generated by org.testng.reporters.JUnitReportReporter -->
<testsuite hostname="saikrishnareddy" failures="0" tests="2" name="sele.nium.Assertions" time="0.004" errors="0" timestamp="2024-11-26T12:21:04 IST" skipped="0">
  <testcase classname="sele.nium.Assertions" name="softassert1" time="0.003"/>
  <system-out/>
  <testcase classname="sele.nium.Assertions" name="hardAssert" time="0.001"/>
  <system-out/>
</testsuite> <!-- sele.nium.Assertions -->
