<?xml version="1.0" encoding="UTF-8"?>
<!-- Generated by org.testng.reporters.JUnitReportReporter -->
<testsuite hostname="saikrishnareddy" failures="0" tests="1" name="sele.nium.Tabless" time="20.156" errors="0" timestamp="2024-11-26T17:27:10 IST" skipped="0">
  <testcase classname="sele.nium.Tabless" name="gg" time="20.156"/>
  <system-out/>
</testsuite> <!-- sele.nium.Tabless -->
