<?xml version="1.0" encoding="UTF-8"?>
<!-- Generated by org.testng.reporters.JUnitReportReporter -->
<testsuite hostname="saikrishnareddy" failures="0" tests="1" name="sele.nium.Testcase1" time="8.961" errors="0" timestamp="2024-11-25T15:35:01 IST" skipped="0">
  <testcase classname="sele.nium.Testcase1" name="f" time="8.961"/>
  <system-out/>
</testsuite> <!-- sele.nium.Testcase1 -->
