<?xml version="1.0" encoding="UTF-8"?>
<!-- Generated by org.testng.reporters.JUnitReportReporter -->
<testsuite hostname="saikrishnareddy" failures="0" tests="1" name="sele.nium.ExcellTest" time="59.181" errors="0" timestamp="2024-12-22T11:54:22 IST" skipped="0">
  <testcase classname="sele.nium.ExcellTest" name="mainTest" time="59.181"/>
  <system-out/>
</testsuite> <!-- sele.nium.ExcellTest -->
