<?xml version="1.0" encoding="UTF-8"?>
<!-- Generated by org.testng.reporters.JUnitReportReporter -->
<testsuite hostname="saikrishnareddy" failures="0" tests="1" name="sele.nium.Tabless" time="17.625" errors="0" timestamp="2024-11-29T17:08:03 IST" skipped="0">
  <testcase classname="sele.nium.Tabless" name="gg" time="17.625"/>
  <system-out/>
</testsuite> <!-- sele.nium.Tabless -->
