<?xml version="1.0" encoding="UTF-8"?>
<!-- Generated by org.testng.reporters.JUnitReportReporter -->
<testsuite hostname="saikrishnareddy" failures="0" tests="2" name="sele.nium.Annotationss$Demo01_TestNGAnnotations" time="0.008" errors="0" timestamp="2024-11-25T12:27:29 IST" skipped="0">
  <testcase classname="sele.nium.Annotationss$Demo01_TestNGAnnotations" name="test1" time="0.002"/>
  <system-out/>
  <testcase classname="sele.nium.Annotationss$Demo01_TestNGAnnotations" name="test" time="0.006"/>
  <system-out/>
</testsuite> <!-- sele.nium.Annotationss$Demo01_TestNGAnnotations -->
