<?xml version="1.0" encoding="UTF-8"?>
<!-- Generated by org.testng.reporters.JUnitReportReporter -->
<testsuite hostname="saikrishnareddy" failures="0" tests="1" name="sele.nium.Frames" time="23.923" errors="0" timestamp="2024-11-29T21:10:13 IST" skipped="0">
  <testcase classname="sele.nium.Frames" name="f" time="23.923"/>
  <system-out/>
</testsuite> <!-- sele.nium.Frames -->
