<?xml version="1.0" encoding="UTF-8"?>
<!-- Generated by org.testng.reporters.JUnitReportReporter -->
<testsuite hostname="saikrishnareddy" failures="0" tests="1" name="sele.nium.buttons" time="34.257" errors="0" timestamp="2024-11-26T12:53:15 IST" skipped="0">
  <testcase classname="sele.nium.buttons" name="f" time="34.257"/>
  <system-out/>
</testsuite> <!-- sele.nium.buttons -->
