<?xml version="1.0" encoding="UTF-8"?>
<!-- Generated by org.testng.reporters.JUnitReportReporter -->
<testsuite hostname="saikrishnareddy" failures="0" tests="1" name="sele.nium.TestNG" time="37.410" errors="0" timestamp="2024-11-25T12:04:46 IST" skipped="0">
  <testcase classname="sele.nium.TestNG" name="testng" time="37.410"/>
</testsuite> <!-- sele.nium.TestNG -->
