<?xml version="1.0" encoding="UTF-8"?>
<!-- Generated by org.testng.reporters.JUnitReportReporter -->
<testsuite hostname="saikrishnareddy" failures="0" tests="1" name="sele.nium.HTMLelemnts" time="15.075" errors="0" timestamp="2024-11-25T22:01:04 IST" skipped="0">
  <testcase classname="sele.nium.HTMLelemnts" name="f" time="15.075"/>
  <system-out/>
</testsuite> <!-- sele.nium.HTMLelemnts -->
